<?xml version="1.0" encoding="UTF-8" standalone="no"?><testsuite errors="0" failures="0" name="tests.userVerifiesCookiesContentBar" skipped="0" tests="4" time="84.35" timestamp="2022-12-20 05:05:48"><testcase classname="tests.userVerifiesCookiesContentBar" name="Tc01user verifies elements on cookies content bar"/><testcase classname="tests.userVerifiesCookiesContentBar" name="Tc02user verifies if cookies content bar presents when proceeding to another tab and do not accept or decline cookies"/><testcase classname="tests.userVerifiesCookiesContentBar" name="Tc03user declines cookies"/><testcase classname="tests.userVerifiesCookiesContentBar" name="Tc04user accepts cookies"/></testsuite>